2026-03-25 08:33:14,902 - basicLogger - INFO - Configuration loaded - Kafka DEBUG logs suppressed
2026-03-25 08:33:15,009 - basicLogger - INFO - Connected to Kafka at kafka:29092
2026-03-25 08:33:15,038 - basicLogger - INFO - Starting Receiver Service on port 8080
2026-03-25 08:33:15,796 - basicLogger - INFO - Configuration loaded - Kafka DEBUG logs suppressed
2026-03-25 08:33:15,901 - basicLogger - INFO - Connected to Kafka at kafka:29092
2026-03-25 08:33:16,352 - basicLogger - INFO - RECEIVED: Performance metric from server server-724 (trace: d1d93a87-fa5c-4c03-9e0e-a933dca7257e)
2026-03-25 08:33:16,456 - basicLogger - INFO - RECEIVED: Performance metric from server server-884 (trace: 72fb53c6-7208-454a-81c5-3d530b4f2a20)
2026-03-25 08:33:16,765 - basicLogger - INFO - RECEIVED: Performance metric from server server-295 (trace: 4f924623-fa58-42d8-ae02-a3fd1dbd43f3)
2026-03-25 08:33:17,356 - basicLogger - INFO - SENT TO KAFKA: Performance metric (trace: 72fb53c6-7208-454a-81c5-3d530b4f2a20)
2026-03-25 08:33:17,357 - basicLogger - INFO - RECEIVED: Performance metric from server server-884 (trace: c082fee7-acf6-4c7a-bee2-1ab67d766af9)
2026-03-25 08:33:17,357 - basicLogger - INFO - SENT TO KAFKA: Performance metric (trace: d1d93a87-fa5c-4c03-9e0e-a933dca7257e)
2026-03-25 08:33:17,357 - basicLogger - INFO - RECEIVED: Performance metric from server server-724 (trace: 7c528628-3b8d-4906-9e8c-bccdd152fad3)
2026-03-25 08:33:17,357 - basicLogger - INFO - SENT TO KAFKA: Performance metric (trace: 4f924623-fa58-42d8-ae02-a3fd1dbd43f3)
2026-03-25 08:33:17,357 - basicLogger - INFO - RECEIVED: Performance metric from server server-295 (trace: 38bacb12-46a8-4938-a1dd-298781fdaa4c)
2026-03-25 08:33:17,362 - basicLogger - INFO - SENT TO KAFKA: Performance metric (trace: 7c528628-3b8d-4906-9e8c-bccdd152fad3)
2026-03-25 08:33:17,362 - basicLogger - INFO - RECEIVED: Performance metric from server server-724 (trace: 742f1673-8d9b-446e-94f6-62649623aeb6)
2026-03-25 08:33:17,362 - basicLogger - INFO - SENT TO KAFKA: Performance metric (trace: 38bacb12-46a8-4938-a1dd-298781fdaa4c)
2026-03-25 08:33:17,362 - basicLogger - INFO - RECEIVED: Performance metric from server server-295 (trace: bfe646a8-22f0-4c09-9f21-154c64b1c41d)
2026-03-25 08:33:17,362 - basicLogger - INFO - SENT TO KAFKA: Performance metric (trace: c082fee7-acf6-4c7a-bee2-1ab67d766af9)
2026-03-25 08:33:17,362 - basicLogger - INFO - RECEIVED: Performance metric from server server-884 (trace: 2202dbc9-2a83-44f9-8374-78de715cb7e4)
2026-03-25 08:33:17,366 - basicLogger - INFO - SENT TO KAFKA: Performance metric (trace: 742f1673-8d9b-446e-94f6-62649623aeb6)
2026-03-25 08:33:17,367 - basicLogger - INFO - SENT TO KAFKA: Performance metric (trace: bfe646a8-22f0-4c09-9f21-154c64b1c41d)
2026-03-25 08:33:17,367 - basicLogger - INFO - SENT TO KAFKA: Performance metric (trace: 2202dbc9-2a83-44f9-8374-78de715cb7e4)
2026-03-25 08:33:17,459 - basicLogger - INFO - RECEIVED: Error metrics from server server-812
2026-03-25 08:33:17,462 - basicLogger - INFO - RECEIVED: Error metrics from server server-593
2026-03-25 08:33:17,464 - basicLogger - INFO - RECEIVED: Error metrics from server server-442
2026-03-25 08:33:17,470 - basicLogger - INFO - SENT TO KAFKA: Error metric (trace: 592880be-f097-429c-b3f2-3dfa4ad9b960, code: 010)
2026-03-25 08:33:17,477 - basicLogger - INFO - SENT TO KAFKA: Error metric (trace: b317d3c8-181c-40e0-9884-ebaa33846a26, code: 748)
2026-03-25 08:33:17,477 - basicLogger - INFO - SENT TO KAFKA: Error metric (trace: 54d7c200-55e3-4c6e-a1e9-c27eec9bc506, code: 675)
2026-03-25 08:33:17,484 - basicLogger - INFO - SENT TO KAFKA: Error metric (trace: aab9e784-c069-4eb3-9c5a-8fb512a2cd8d, code: 166)
2026-03-25 08:33:17,487 - basicLogger - INFO - SENT TO KAFKA: Error metric (trace: 5df83cd9-52ae-4ed1-b716-1df58b1f8ff9, code: 310)
2026-03-25 08:33:17,488 - basicLogger - INFO - SENT TO KAFKA: Error metric (trace: c2272c7c-ff24-4844-8671-d0d7602752ac, code: 579)
2026-03-25 08:33:23,056 - basicLogger - INFO - RECEIVED: Performance metric from server server-582 (trace: 3bdb64e1-ea15-41d7-922c-448c6bf206fe)
2026-03-25 08:33:23,063 - basicLogger - INFO - SENT TO KAFKA: Performance metric (trace: 3bdb64e1-ea15-41d7-922c-448c6bf206fe)
2026-03-25 08:33:23,063 - basicLogger - INFO - RECEIVED: Performance metric from server server-582 (trace: de7f5109-558e-476d-8ef2-16849dc4fefa)
2026-03-25 08:33:23,067 - basicLogger - INFO - SENT TO KAFKA: Performance metric (trace: de7f5109-558e-476d-8ef2-16849dc4fefa)
2026-03-25 08:33:23,067 - basicLogger - INFO - RECEIVED: Performance metric from server server-582 (trace: 697674db-060d-488f-bda4-2c088d0b59be)
2026-03-25 08:33:23,069 - basicLogger - INFO - SENT TO KAFKA: Performance metric (trace: 697674db-060d-488f-bda4-2c088d0b59be)
2026-03-25 08:33:23,078 - basicLogger - INFO - RECEIVED: Performance metric from server server-989 (trace: 33fedfb3-95e4-425f-a2d5-0cf4ddda8bb4)
2026-03-25 08:33:23,080 - basicLogger - INFO - SENT TO KAFKA: Performance metric (trace: 33fedfb3-95e4-425f-a2d5-0cf4ddda8bb4)
2026-03-25 08:33:23,081 - basicLogger - INFO - RECEIVED: Performance metric from server server-989 (trace: cc63f956-8be4-4b6d-82c6-3c2b8186a908)
2026-03-25 08:33:23,082 - basicLogger - INFO - SENT TO KAFKA: Performance metric (trace: cc63f956-8be4-4b6d-82c6-3c2b8186a908)
2026-03-25 08:33:23,082 - basicLogger - INFO - RECEIVED: Performance metric from server server-989 (trace: c9ad4082-56c8-4f6c-aafa-3a091d7e34e2)
2026-03-25 08:33:23,084 - basicLogger - INFO - SENT TO KAFKA: Performance metric (trace: c9ad4082-56c8-4f6c-aafa-3a091d7e34e2)
2026-03-25 08:33:23,142 - basicLogger - INFO - RECEIVED: Error metrics from server server-503
2026-03-25 08:33:23,145 - basicLogger - INFO - SENT TO KAFKA: Error metric (trace: 4acd135a-90a7-4479-b6ff-839028bd481a, code: 088)
2026-03-25 08:33:23,150 - basicLogger - INFO - SENT TO KAFKA: Error metric (trace: 54d476f2-9c3f-4c73-b5fb-d0b95ddda6e6, code: 959)
2026-03-25 08:33:23,150 - basicLogger - INFO - RECEIVED: Error metrics from server server-821
2026-03-25 08:33:23,156 - basicLogger - INFO - SENT TO KAFKA: Error metric (trace: c7f99b50-93b9-4c1a-a409-f4bcf55abfa2, code: 145)
2026-03-25 08:33:23,158 - basicLogger - INFO - SENT TO KAFKA: Error metric (trace: c744ba16-7a60-421a-9acf-3c0a00f93b78, code: 009)
2026-03-25 08:33:24,015 - basicLogger - INFO - RECEIVED: Performance metric from server server-794 (trace: 05b3b6f2-3d0b-405a-81dc-9c91a9a208ad)
2026-03-25 08:33:24,018 - basicLogger - INFO - SENT TO KAFKA: Performance metric (trace: 05b3b6f2-3d0b-405a-81dc-9c91a9a208ad)
2026-03-25 08:33:24,018 - basicLogger - INFO - RECEIVED: Performance metric from server server-794 (trace: 74f6e8bb-17fb-443a-9418-8f5f8f9b7372)
2026-03-25 08:33:24,023 - basicLogger - INFO - SENT TO KAFKA: Performance metric (trace: 74f6e8bb-17fb-443a-9418-8f5f8f9b7372)
2026-03-25 08:33:24,023 - basicLogger - INFO - RECEIVED: Performance metric from server server-794 (trace: d2db7ede-d043-4bce-98fe-ae34b1cbb201)
2026-03-25 08:33:24,026 - basicLogger - INFO - SENT TO KAFKA: Performance metric (trace: d2db7ede-d043-4bce-98fe-ae34b1cbb201)
2026-03-25 08:33:24,093 - basicLogger - INFO - RECEIVED: Error metrics from server server-730
2026-03-25 08:33:24,096 - basicLogger - INFO - SENT TO KAFKA: Error metric (trace: 02c9cb3f-a78d-4eb5-87d1-a3d41c821731, code: 547)
2026-03-25 08:33:24,100 - basicLogger - INFO - SENT TO KAFKA: Error metric (trace: ed1f0fbf-0683-4307-943b-78ea8eba1a53, code: 536)
2026-03-25 08:34:17,286 - basicLogger - INFO - RECEIVED: Performance metric from server server-898 (trace: 8601cd0f-da47-4dc9-aced-917786093a38)
2026-03-25 08:34:17,290 - basicLogger - INFO - SENT TO KAFKA: Performance metric (trace: 8601cd0f-da47-4dc9-aced-917786093a38)
2026-03-25 08:34:17,290 - basicLogger - INFO - RECEIVED: Performance metric from server server-898 (trace: 39a61def-af7a-437e-886b-d0820dc31979)
2026-03-25 08:34:17,292 - basicLogger - INFO - SENT TO KAFKA: Performance metric (trace: 39a61def-af7a-437e-886b-d0820dc31979)
2026-03-25 08:34:17,292 - basicLogger - INFO - RECEIVED: Performance metric from server server-898 (trace: f2a4f9bd-77da-416c-bc97-5d6c25d736d2)
2026-03-25 08:34:17,294 - basicLogger - INFO - SENT TO KAFKA: Performance metric (trace: f2a4f9bd-77da-416c-bc97-5d6c25d736d2)
2026-03-25 08:34:17,356 - basicLogger - INFO - RECEIVED: Error metrics from server server-267
2026-03-25 08:34:17,359 - basicLogger - INFO - SENT TO KAFKA: Error metric (trace: cca08743-1ae2-406d-9792-325579829585, code: 355)
2026-03-25 08:34:17,361 - basicLogger - INFO - SENT TO KAFKA: Error metric (trace: 9d282785-6129-4191-b65c-c767231b401c, code: 706)
2026-03-25 08:34:17,625 - basicLogger - INFO - RECEIVED: Performance metric from server server-681 (trace: 26c25729-12e7-4f3b-bf9e-d83ec50c0929)
2026-03-25 08:34:17,628 - basicLogger - INFO - SENT TO KAFKA: Performance metric (trace: 26c25729-12e7-4f3b-bf9e-d83ec50c0929)
2026-03-25 08:34:17,628 - basicLogger - INFO - RECEIVED: Performance metric from server server-681 (trace: 182dd1d1-6085-4e2d-ac51-9b5943e453bb)
2026-03-25 08:34:17,630 - basicLogger - INFO - SENT TO KAFKA: Performance metric (trace: 182dd1d1-6085-4e2d-ac51-9b5943e453bb)
2026-03-25 08:34:17,630 - basicLogger - INFO - RECEIVED: Performance metric from server server-681 (trace: 67900998-fa8d-4240-8b02-8bfe13bca8b9)
2026-03-25 08:34:17,632 - basicLogger - INFO - SENT TO KAFKA: Performance metric (trace: 67900998-fa8d-4240-8b02-8bfe13bca8b9)
2026-03-25 08:34:17,693 - basicLogger - INFO - RECEIVED: Error metrics from server server-60
2026-03-25 08:34:17,695 - basicLogger - INFO - SENT TO KAFKA: Error metric (trace: f27f6a7b-b0f8-4983-9fd4-8301c3161bf3, code: 847)
2026-03-25 08:34:17,699 - basicLogger - INFO - SENT TO KAFKA: Error metric (trace: 65029d83-c714-4a3f-ba28-bda377a4e7bd, code: 219)
2026-03-25 08:34:17,952 - basicLogger - INFO - RECEIVED: Performance metric from server server-995 (trace: d80fe97e-975c-4ad8-a9c4-0a35886d7854)
2026-03-25 08:34:17,957 - basicLogger - INFO - SENT TO KAFKA: Performance metric (trace: d80fe97e-975c-4ad8-a9c4-0a35886d7854)
2026-03-25 08:34:17,957 - basicLogger - INFO - RECEIVED: Performance metric from server server-995 (trace: d88af959-5edd-4f5a-a1d8-7aac6919ba40)
2026-03-25 08:34:17,959 - basicLogger - INFO - SENT TO KAFKA: Performance metric (trace: d88af959-5edd-4f5a-a1d8-7aac6919ba40)
2026-03-25 08:34:17,960 - basicLogger - INFO - RECEIVED: Performance metric from server server-995 (trace: 1ad212ad-76b8-4406-8bd5-40a68e5211e9)
2026-03-25 08:34:17,963 - basicLogger - INFO - SENT TO KAFKA: Performance metric (trace: 1ad212ad-76b8-4406-8bd5-40a68e5211e9)
2026-03-25 08:34:18,029 - basicLogger - INFO - RECEIVED: Error metrics from server server-578
2026-03-25 08:34:18,032 - basicLogger - INFO - SENT TO KAFKA: Error metric (trace: a10f0e8a-2240-47f3-8a7b-d8494213ae01, code: 553)
2026-03-25 08:34:18,037 - basicLogger - INFO - SENT TO KAFKA: Error metric (trace: de28cfe0-aa94-42c3-9895-1e51acb552ae, code: 412)
2026-03-25 08:34:23,259 - basicLogger - INFO - RECEIVED: Performance metric from server server-571 (trace: 20f3972c-3931-4272-9897-aa76eea08e0e)
2026-03-25 08:34:23,264 - basicLogger - INFO - SENT TO KAFKA: Performance metric (trace: 20f3972c-3931-4272-9897-aa76eea08e0e)
2026-03-25 08:34:23,264 - basicLogger - INFO - RECEIVED: Performance metric from server server-571 (trace: cf13123b-2cdb-441d-99a2-22e9ab165846)
2026-03-25 08:34:23,266 - basicLogger - INFO - SENT TO KAFKA: Performance metric (trace: cf13123b-2cdb-441d-99a2-22e9ab165846)
2026-03-25 08:34:23,266 - basicLogger - INFO - RECEIVED: Performance metric from server server-571 (trace: 162328ed-499b-4c50-b1dc-9a47ec759bd0)
2026-03-25 08:34:23,268 - basicLogger - INFO - SENT TO KAFKA: Performance metric (trace: 162328ed-499b-4c50-b1dc-9a47ec759bd0)
2026-03-25 08:34:23,328 - basicLogger - INFO - RECEIVED: Error metrics from server server-51
2026-03-25 08:34:23,333 - basicLogger - INFO - SENT TO KAFKA: Error metric (trace: b3080627-46ad-4524-9dda-ddf09de99f1a, code: 522)
2026-03-25 08:34:23,337 - basicLogger - INFO - SENT TO KAFKA: Error metric (trace: 2d1496f9-0cc0-4ad5-8686-55746de36cb5, code: 352)
2026-03-25 08:34:23,462 - basicLogger - INFO - RECEIVED: Performance metric from server server-178 (trace: 7ebc8ad5-80dc-46f5-91d9-bf09cbae50d2)
2026-03-25 08:34:23,465 - basicLogger - INFO - SENT TO KAFKA: Performance metric (trace: 7ebc8ad5-80dc-46f5-91d9-bf09cbae50d2)
2026-03-25 08:34:23,465 - basicLogger - INFO - RECEIVED: Performance metric from server server-178 (trace: 891c6b3b-f3e9-4ed3-9faf-2834ed0c3aad)
2026-03-25 08:34:23,469 - basicLogger - INFO - SENT TO KAFKA: Performance metric (trace: 891c6b3b-f3e9-4ed3-9faf-2834ed0c3aad)
2026-03-25 08:34:23,469 - basicLogger - INFO - RECEIVED: Performance metric from server server-178 (trace: 678e80f2-2f27-45e4-8cfa-7890aee25c3d)
2026-03-25 08:34:23,471 - basicLogger - INFO - SENT TO KAFKA: Performance metric (trace: 678e80f2-2f27-45e4-8cfa-7890aee25c3d)
2026-03-25 08:34:23,530 - basicLogger - INFO - RECEIVED: Error metrics from server server-772
2026-03-25 08:34:23,533 - basicLogger - INFO - SENT TO KAFKA: Error metric (trace: 13e59579-61b9-4dbd-844a-845bf95c009b, code: 595)
2026-03-25 08:34:23,536 - basicLogger - INFO - SENT TO KAFKA: Error metric (trace: c571ab3b-b95c-4592-902f-d3b593c780a8, code: 373)
2026-03-25 08:34:23,647 - basicLogger - INFO - RECEIVED: Performance metric from server server-881 (trace: 42c0ff74-c002-40f9-b0d9-1c4efc94d589)
2026-03-25 08:34:23,650 - basicLogger - INFO - SENT TO KAFKA: Performance metric (trace: 42c0ff74-c002-40f9-b0d9-1c4efc94d589)
2026-03-25 08:34:23,650 - basicLogger - INFO - RECEIVED: Performance metric from server server-881 (trace: 7d822b4a-b31c-46f4-aa11-ca32c4ed8eb3)
2026-03-25 08:34:23,653 - basicLogger - INFO - SENT TO KAFKA: Performance metric (trace: 7d822b4a-b31c-46f4-aa11-ca32c4ed8eb3)
2026-03-25 08:34:23,653 - basicLogger - INFO - RECEIVED: Performance metric from server server-881 (trace: 924e821f-f463-4059-9462-a454f3d5ccf1)
2026-03-25 08:34:23,655 - basicLogger - INFO - SENT TO KAFKA: Performance metric (trace: 924e821f-f463-4059-9462-a454f3d5ccf1)
2026-03-25 08:34:23,718 - basicLogger - INFO - RECEIVED: Error metrics from server server-344
2026-03-25 08:34:23,721 - basicLogger - INFO - SENT TO KAFKA: Error metric (trace: 967ac4b6-cc83-46eb-9df1-6f9b8bdefff6, code: 568)
2026-03-25 08:34:23,724 - basicLogger - INFO - SENT TO KAFKA: Error metric (trace: 9af13f09-eef1-4e00-812f-b61444260dc7, code: 826)
2026-03-25 08:34:29,004 - basicLogger - INFO - RECEIVED: Performance metric from server server-62 (trace: d800df12-44af-4707-8698-0373a8b9b47a)
2026-03-25 08:34:29,005 - basicLogger - INFO - RECEIVED: Performance metric from server server-298 (trace: 80e49b03-c9ae-4ada-882d-7c1c1e4787cf)
2026-03-25 08:34:29,008 - basicLogger - INFO - SENT TO KAFKA: Performance metric (trace: d800df12-44af-4707-8698-0373a8b9b47a)
2026-03-25 08:34:29,008 - basicLogger - INFO - RECEIVED: Performance metric from server server-62 (trace: 221c8fe2-d284-4091-b42c-43b520d60e49)
2026-03-25 08:34:29,010 - basicLogger - INFO - SENT TO KAFKA: Performance metric (trace: 80e49b03-c9ae-4ada-882d-7c1c1e4787cf)
2026-03-25 08:34:29,010 - basicLogger - INFO - RECEIVED: Performance metric from server server-298 (trace: 4ee655b1-aa39-4173-8963-84f039f4213d)
2026-03-25 08:34:29,012 - basicLogger - INFO - SENT TO KAFKA: Performance metric (trace: 221c8fe2-d284-4091-b42c-43b520d60e49)
2026-03-25 08:34:29,012 - basicLogger - INFO - RECEIVED: Performance metric from server server-62 (trace: ba99ec31-1034-4b93-8e8f-337605b466d6)
2026-03-25 08:34:29,013 - basicLogger - INFO - SENT TO KAFKA: Performance metric (trace: 4ee655b1-aa39-4173-8963-84f039f4213d)
2026-03-25 08:34:29,014 - basicLogger - INFO - RECEIVED: Performance metric from server server-298 (trace: bf46d053-be19-422d-b706-259c89365962)
2026-03-25 08:34:29,014 - basicLogger - INFO - SENT TO KAFKA: Performance metric (trace: ba99ec31-1034-4b93-8e8f-337605b466d6)
2026-03-25 08:34:29,017 - basicLogger - INFO - SENT TO KAFKA: Performance metric (trace: bf46d053-be19-422d-b706-259c89365962)
2026-03-25 08:34:29,074 - basicLogger - INFO - RECEIVED: Error metrics from server server-211
2026-03-25 08:34:29,078 - basicLogger - INFO - SENT TO KAFKA: Error metric (trace: 4e1854ce-e1aa-4354-899d-60283dbf5f91, code: 926)
2026-03-25 08:34:29,082 - basicLogger - INFO - SENT TO KAFKA: Error metric (trace: 11d29612-015d-4fed-a9a0-a0945dc498fa, code: 633)
2026-03-25 08:34:29,088 - basicLogger - INFO - RECEIVED: Error metrics from server server-225
2026-03-25 08:34:29,090 - basicLogger - INFO - SENT TO KAFKA: Error metric (trace: 24a926bb-06dc-422c-9496-6d73b9411e26, code: 508)
2026-03-25 08:34:29,092 - basicLogger - INFO - SENT TO KAFKA: Error metric (trace: 7080205e-8252-4ed4-8f22-b0076d35d2ca, code: 675)
2026-03-25 08:34:29,202 - basicLogger - INFO - RECEIVED: Performance metric from server server-694 (trace: 4f132479-08b8-40f6-82ee-4b61415a87dd)
2026-03-25 08:34:29,204 - basicLogger - INFO - SENT TO KAFKA: Performance metric (trace: 4f132479-08b8-40f6-82ee-4b61415a87dd)
2026-03-25 08:34:29,204 - basicLogger - INFO - RECEIVED: Performance metric from server server-694 (trace: f009ae79-a75a-4324-8396-4f5e1a9e45c0)
2026-03-25 08:34:29,206 - basicLogger - INFO - SENT TO KAFKA: Performance metric (trace: f009ae79-a75a-4324-8396-4f5e1a9e45c0)
2026-03-25 08:34:29,207 - basicLogger - INFO - RECEIVED: Performance metric from server server-694 (trace: 26fca6af-129c-46b8-84d5-bec306160210)
2026-03-25 08:34:29,209 - basicLogger - INFO - SENT TO KAFKA: Performance metric (trace: 26fca6af-129c-46b8-84d5-bec306160210)
2026-03-25 08:34:29,269 - basicLogger - INFO - RECEIVED: Error metrics from server server-634
2026-03-25 08:34:29,271 - basicLogger - INFO - SENT TO KAFKA: Error metric (trace: 643197e5-8b6d-4ff5-a757-744cbcf4703b, code: 527)
2026-03-25 08:34:29,275 - basicLogger - INFO - SENT TO KAFKA: Error metric (trace: 539877b5-76cb-41d2-ac74-87c056b59c17, code: 043)
2026-03-25 08:34:34,544 - basicLogger - INFO - RECEIVED: Performance metric from server server-695 (trace: 7256bc2a-1d6c-4298-bab9-0822adec389a)
2026-03-25 08:34:34,547 - basicLogger - INFO - SENT TO KAFKA: Performance metric (trace: 7256bc2a-1d6c-4298-bab9-0822adec389a)
2026-03-25 08:34:34,547 - basicLogger - INFO - RECEIVED: Performance metric from server server-695 (trace: c79f855e-0c97-4b42-bc4b-8b845cd9ebae)
2026-03-25 08:34:34,549 - basicLogger - INFO - SENT TO KAFKA: Performance metric (trace: c79f855e-0c97-4b42-bc4b-8b845cd9ebae)
2026-03-25 08:34:34,549 - basicLogger - INFO - RECEIVED: Performance metric from server server-695 (trace: 22dc3a10-0858-4c39-9672-bee79e1a808b)
2026-03-25 08:34:34,550 - basicLogger - INFO - SENT TO KAFKA: Performance metric (trace: 22dc3a10-0858-4c39-9672-bee79e1a808b)
2026-03-25 08:34:34,561 - basicLogger - INFO - RECEIVED: Performance metric from server server-544 (trace: fe445f21-9888-4911-a766-5f71eb2ce77c)
2026-03-25 08:34:34,564 - basicLogger - INFO - SENT TO KAFKA: Performance metric (trace: fe445f21-9888-4911-a766-5f71eb2ce77c)
2026-03-25 08:34:34,564 - basicLogger - INFO - RECEIVED: Performance metric from server server-544 (trace: 32fda551-5c34-4c88-8ff7-12a7cee5556d)
2026-03-25 08:34:34,566 - basicLogger - INFO - SENT TO KAFKA: Performance metric (trace: 32fda551-5c34-4c88-8ff7-12a7cee5556d)
2026-03-25 08:34:34,566 - basicLogger - INFO - RECEIVED: Performance metric from server server-544 (trace: 0d246aa0-fa5d-4d61-b3a2-dd8ba748b5a1)
2026-03-25 08:34:34,570 - basicLogger - INFO - SENT TO KAFKA: Performance metric (trace: 0d246aa0-fa5d-4d61-b3a2-dd8ba748b5a1)
2026-03-25 08:34:34,618 - basicLogger - INFO - RECEIVED: Error metrics from server server-833
2026-03-25 08:34:34,620 - basicLogger - INFO - SENT TO KAFKA: Error metric (trace: 4360dd92-3bf4-4109-841f-bda77aa0a233, code: 246)
2026-03-25 08:34:34,621 - basicLogger - INFO - SENT TO KAFKA: Error metric (trace: 57f1c151-88b3-499c-889f-862a7ccd006f, code: 270)
2026-03-25 08:34:34,632 - basicLogger - INFO - RECEIVED: Error metrics from server server-944
2026-03-25 08:34:34,634 - basicLogger - INFO - SENT TO KAFKA: Error metric (trace: 721f1264-94b8-40a9-9abd-fa22695f20bf, code: 793)
2026-03-25 08:34:34,636 - basicLogger - INFO - SENT TO KAFKA: Error metric (trace: 8f4d6fbe-0c06-46f8-98fc-710a54c9db47, code: 612)
2026-03-25 08:34:34,737 - basicLogger - INFO - RECEIVED: Performance metric from server server-253 (trace: 52f8c959-e9a0-40a0-ad17-d0917c61998d)
2026-03-25 08:34:34,739 - basicLogger - INFO - SENT TO KAFKA: Performance metric (trace: 52f8c959-e9a0-40a0-ad17-d0917c61998d)
2026-03-25 08:34:34,739 - basicLogger - INFO - RECEIVED: Performance metric from server server-253 (trace: ed1455ba-9643-43ae-aec1-2bb50999d7e6)
2026-03-25 08:34:34,742 - basicLogger - INFO - SENT TO KAFKA: Performance metric (trace: ed1455ba-9643-43ae-aec1-2bb50999d7e6)
2026-03-25 08:34:34,742 - basicLogger - INFO - RECEIVED: Performance metric from server server-253 (trace: bd2100a6-cb43-488a-afab-840e40753bcd)
2026-03-25 08:34:34,744 - basicLogger - INFO - SENT TO KAFKA: Performance metric (trace: bd2100a6-cb43-488a-afab-840e40753bcd)
2026-03-25 08:34:34,805 - basicLogger - INFO - RECEIVED: Error metrics from server server-331
2026-03-25 08:34:34,808 - basicLogger - INFO - SENT TO KAFKA: Error metric (trace: 38b34a49-41a8-4d03-b2ec-ab54a04ed69e, code: 930)
2026-03-25 08:34:34,811 - basicLogger - INFO - SENT TO KAFKA: Error metric (trace: f4ed37ab-9779-4b2f-a6c5-5a37a61c213b, code: 652)
2026-03-25 19:22:31,977 - basicLogger - INFO - Configuration loaded - Kafka DEBUG logs suppressed
2026-03-25 19:22:32,119 - basicLogger - INFO - Connected to Kafka at kafka:29092
2026-03-25 19:22:32,193 - basicLogger - INFO - Starting Receiver Service on port 8080
2026-03-25 19:22:32,556 - basicLogger - INFO - Configuration loaded - Kafka DEBUG logs suppressed
2026-03-25 19:22:32,682 - basicLogger - INFO - Connected to Kafka at kafka:29092
